<?xml version="1.0" encoding="UTF-8"?>
<testsuite name="PieceTest" tests="4" skipped="0" failures="0" errors="0" timestamp="2022-04-10T14:23:00" hostname="LAPTOP-OMECL1UR" time="0.062">
  <properties/>
  <testcase name="test_Minion()" classname="PieceTest" time="0.052"/>
  <testcase name="test_Buzz()" classname="PieceTest" time="0.002"/>
  <testcase name="test_BlueHen()" classname="PieceTest" time="0.003"/>
  <testcase name="test_Piece()" classname="PieceTest" time="0.002"/>
  <system-out><![CDATA[Testing Minion Piece
Testing Buzz Lightyear Class
Testing Blue Hen Class
Testing Piece Class
Testing Piece Constructor passes
]]></system-out>
  <system-err><![CDATA[]]></system-err>
</testsuite>
