<?xml version="1.0" encoding="UTF-8"?>
<testsuite name="PieceTest" tests="5" skipped="0" failures="0" errors="0" timestamp="2022-05-01T19:36:38" hostname="LAPTOP-OMECL1UR" time="0.053">
  <properties/>
  <testcase name="test_Minion()" classname="PieceTest" time="0.035"/>
  <testcase name="test_Buzz()" classname="PieceTest" time="0.003"/>
  <testcase name="test_BlueHen()" classname="PieceTest" time="0.003"/>
  <testcase name="test_EvilMinion()" classname="PieceTest" time="0.003"/>
  <testcase name="test_Piece()" classname="PieceTest" time="0.003"/>
  <system-out><![CDATA[Testing Minion Piece
Testing Buzz Lightyear Class
Testing Blue Hen Class
Testing Evil Minion Piece
Testing Piece Class
Testing Piece Constructor passes
]]></system-out>
  <system-err><![CDATA[]]></system-err>
</testsuite>
