<?xml version="1.0" encoding="UTF-8"?>
<testsuite name="TeamTest" tests="1" skipped="0" failures="0" errors="0" timestamp="2022-04-15T04:01:12" hostname="LAPTOP-OMECL1UR" time="0.042">
  <properties/>
  <testcase name="getTeamName()" classname="TeamTest" time="0.042"/>
  <system-out><![CDATA[Testing Team class
Team Blu Pieces:
Blu MBlu BBlu E
Team Red Pieces:
Red H
]]></system-out>
  <system-err><![CDATA[]]></system-err>
</testsuite>
